[2017-07-20 16:15:37:481  ERROR] httpSend1 Fail:POST	http://192.168.2.130:8080/amol-back/webs/saveTransmitInfo?access_token=c9b14e6f-e77b-4144-be8d-cd06b57bec29&lang=zh_CN	ReturnHead:HTTP/1.1 404 Not Found
Server: Apache-Coyote/1.1
Set-Cookie: JSESSIONID=19A3C1B3169F0800CFF8CA20933FE740; Path=/amol-back; HttpOnly
Content-Type: text/html;charset=utf-8
Content-Length: 3147
Date: Thu, 20 Jul 2017 08:15:12 GMT

	RspDatas:<!DOCTYPE html>
<html lang="zh-CN">
<head>
<meta charset="utf-8">
<meta charset="utf-8">
<meta http-equiv="X-UA-Compatible" content="IE=edge">
<meta name="viewport" content="width=device-width, initial-scale=1">
<link rel="shortcut icon" href="/amol-back/images/favicon.ico">

<link rel="stylesheet" href="/amol-back/css/style.min.css"/>
<link rel="stylesheet" href="/amol-back/css/font-awesome.min.css"/>
<link rel="stylesheet" href="/amol-back/js/layer/skin/layer.css"/>
<link rel="stylesheet" href="/amol-back/js/webuploader/style.css"/>
<link rel="stylesheet" href="/amol-back/css/bootstrap-table.css"/>
<!-- jQuery -->
<script src="/amol-back/js/jquery-1.9.1.min.js"></script>
<script src="/amol-back/js/jquery.form.js"></script>

<!--[if lt IE 9]>
<script src="//cdn.staticfile.org/respond.js/1.4.2/respond.min.js"></script>
<![endif]-->
<!--[if lte IE 9]>
<script src="/amol-back/js/jquery.placeholder.min.js"></script>
<![endif]-->

<!-- Bootstrap Core JavaScript -->
<script src="/amol-back/js/bootstrap.min.js"></script>

<!-- Bootstrap table JavaScript -->
<script src="/amol-back/js/bootstrap-table.min.js"></script>
<script src="/amol-back/js/bootstrap-table-zh-CN.js"></script>

<!-- 分页 JavaScript -->
<script src="/amol-back/js/jquery.twbsPagination.min.js"></script>

<script src="/amol-back/js/amol.js"></script>

<!-- 弹出层 JavaScript -->
<script src="/amol-back/js/layer/layer.js"></script>

<!-- 日历 JavaScript -->
<script src="/amol-back/js/My97DatePicker/WdatePicker.js"></script>

<!-- 上传 JavaScript -->
<script src="/amol-back/js/webuploader/webuploader.min.js"></script>
<script src="/amol-back/js/webuploader/myUpload.js"></script>
<script src="/amol-back/js/webuploader/multiImgUpload.js"></script>

<!-- 拖拽控件-->
<script src="/amol-back/js/Sortable.min.js"></script>

<!-- 验证组件 -->
<script src="/amol-back/js/jquery-validation/jquery.validate.js"></script>
<script src="/amol-back/js/jquery-validation/localization/messages_zh.js"></script>
<!-- Custom Theme JavaScript -->
<script src="/amol-back/js/plugin.js"></script>

<!-- 下拉带选择框 -->
<script type="text/javascript" src="/amol-back/js/select2.min.js"></script>
<script src="/amol-back/js/common.js"></script><title>404</title>
</head>
<body>
<div class="form-page">
  <div class="form-page-header">
    <div class="container text-center">
      <div class="logo">
        <a href="index.jsp">医真云</a>
      </div>
    </div>
  </div>

  <div class="form-page-body">
    <div class="container">
      <div class="form-container">
        <div class="error-box">
          <h1 class="error-code text-danger">404</h1>
          <div class="error-icon">
            <span><i class="fa fa-bug fa-2x"></i></span>
          </div>
          <h2>您要找的页面不存在</h2>
          <p>可能是因为您的链接地址有误，请联系管理员。</p>
        </div>
        <p class="text-center">Copyright © 2001-<script>document.write(new Date().getFullYear())</script> Accurad. All Rights Reserved.</p>
      </div>
    </div>
    <!-- /.container -->
  </div>
  <!-- /.form-page-body -->

</div>
</body>
</html>

[2017-07-20 16:15:37:524  ERROR] httpSend1 Fail:POST	http://192.168.2.130:8080/amol-back/webs/saveTransmitInfo?access_token=c9b14e6f-e77b-4144-be8d-cd06b57bec29&lang=zh_CN	ReturnHead:HTTP/1.1 404 Not Found
Server: Apache-Coyote/1.1
Set-Cookie: JSESSIONID=1DEAA07964DF60D8FADD848063539E93; Path=/amol-back; HttpOnly
Content-Type: text/html;charset=utf-8
Content-Length: 3147
Date: Thu, 20 Jul 2017 08:15:12 GMT

	RspDatas:<!DOCTYPE html>
<html lang="zh-CN">
<head>
<meta charset="utf-8">
<meta charset="utf-8">
<meta http-equiv="X-UA-Compatible" content="IE=edge">
<meta name="viewport" content="width=device-width, initial-scale=1">
<link rel="shortcut icon" href="/amol-back/images/favicon.ico">

<link rel="stylesheet" href="/amol-back/css/style.min.css"/>
<link rel="stylesheet" href="/amol-back/css/font-awesome.min.css"/>
<link rel="stylesheet" href="/amol-back/js/layer/skin/layer.css"/>
<link rel="stylesheet" href="/amol-back/js/webuploader/style.css"/>
<link rel="stylesheet" href="/amol-back/css/bootstrap-table.css"/>
<!-- jQuery -->
<script src="/amol-back/js/jquery-1.9.1.min.js"></script>
<script src="/amol-back/js/jquery.form.js"></script>

<!--[if lt IE 9]>
<script src="//cdn.staticfile.org/respond.js/1.4.2/respond.min.js"></script>
<![endif]-->
<!--[if lte IE 9]>
<script src="/amol-back/js/jquery.placeholder.min.js"></script>
<![endif]-->

<!-- Bootstrap Core JavaScript -->
<script src="/amol-back/js/bootstrap.min.js"></script>

<!-- Bootstrap table JavaScript -->
<script src="/amol-back/js/bootstrap-table.min.js"></script>
<script src="/amol-back/js/bootstrap-table-zh-CN.js"></script>

<!-- 分页 JavaScript -->
<script src="/amol-back/js/jquery.twbsPagination.min.js"></script>

<script src="/amol-back/js/amol.js"></script>

<!-- 弹出层 JavaScript -->
<script src="/amol-back/js/layer/layer.js"></script>

<!-- 日历 JavaScript -->
<script src="/amol-back/js/My97DatePicker/WdatePicker.js"></script>

<!-- 上传 JavaScript -->
<script src="/amol-back/js/webuploader/webuploader.min.js"></script>
<script src="/amol-back/js/webuploader/myUpload.js"></script>
<script src="/amol-back/js/webuploader/multiImgUpload.js"></script>

<!-- 拖拽控件-->
<script src="/amol-back/js/Sortable.min.js"></script>

<!-- 验证组件 -->
<script src="/amol-back/js/jquery-validation/jquery.validate.js"></script>
<script src="/amol-back/js/jquery-validation/localization/messages_zh.js"></script>
<!-- Custom Theme JavaScript -->
<script src="/amol-back/js/plugin.js"></script>

<!-- 下拉带选择框 -->
<script type="text/javascript" src="/amol-back/js/select2.min.js"></script>
<script src="/amol-back/js/common.js"></script><title>404</title>
</head>
<body>
<div class="form-page">
  <div class="form-page-header">
    <div class="container text-center">
      <div class="logo">
        <a href="index.jsp">医真云</a>
      </div>
    </div>
  </div>

  <div class="form-page-body">
    <div class="container">
      <div class="form-container">
        <div class="error-box">
          <h1 class="error-code text-danger">404</h1>
          <div class="error-icon">
            <span><i class="fa fa-bug fa-2x"></i></span>
          </div>
          <h2>您要找的页面不存在</h2>
          <p>可能是因为您的链接地址有误，请联系管理员。</p>
        </div>
        <p class="text-center">Copyright © 2001-<script>document.write(new Date().getFullYear())</script> Accurad. All Rights Reserved.</p>
      </div>
    </div>
    <!-- /.container -->
  </div>
  <!-- /.form-page-body -->

</div>
</body>
</html>

[2017-07-20 16:15:39:229  ERROR] httpSend1 Fail:POST	http://192.168.2.130:8080/amol-back/webs/saveTransmitInfo?access_token=c9b14e6f-e77b-4144-be8d-cd06b57bec29&lang=zh_CN	ReturnHead:HTTP/1.1 404 Not Found
Server: Apache-Coyote/1.1
Set-Cookie: JSESSIONID=57A506BFC73F0A710EA1CEE312DF0361; Path=/amol-back; HttpOnly
Content-Type: text/html;charset=utf-8
Content-Length: 3147
Date: Thu, 20 Jul 2017 08:15:13 GMT

	RspDatas:<!DOCTYPE html>
<html lang="zh-CN">
<head>
<meta charset="utf-8">
<meta charset="utf-8">
<meta http-equiv="X-UA-Compatible" content="IE=edge">
<meta name="viewport" content="width=device-width, initial-scale=1">
<link rel="shortcut icon" href="/amol-back/images/favicon.ico">

<link rel="stylesheet" href="/amol-back/css/style.min.css"/>
<link rel="stylesheet" href="/amol-back/css/font-awesome.min.css"/>
<link rel="stylesheet" href="/amol-back/js/layer/skin/layer.css"/>
<link rel="stylesheet" href="/amol-back/js/webuploader/style.css"/>
<link rel="stylesheet" href="/amol-back/css/bootstrap-table.css"/>
<!-- jQuery -->
<script src="/amol-back/js/jquery-1.9.1.min.js"></script>
<script src="/amol-back/js/jquery.form.js"></script>

<!--[if lt IE 9]>
<script src="//cdn.staticfile.org/respond.js/1.4.2/respond.min.js"></script>
<![endif]-->
<!--[if lte IE 9]>
<script src="/amol-back/js/jquery.placeholder.min.js"></script>
<![endif]-->

<!-- Bootstrap Core JavaScript -->
<script src="/amol-back/js/bootstrap.min.js"></script>

<!-- Bootstrap table JavaScript -->
<script src="/amol-back/js/bootstrap-table.min.js"></script>
<script src="/amol-back/js/bootstrap-table-zh-CN.js"></script>

<!-- 分页 JavaScript -->
<script src="/amol-back/js/jquery.twbsPagination.min.js"></script>

<script src="/amol-back/js/amol.js"></script>

<!-- 弹出层 JavaScript -->
<script src="/amol-back/js/layer/layer.js"></script>

<!-- 日历 JavaScript -->
<script src="/amol-back/js/My97DatePicker/WdatePicker.js"></script>

<!-- 上传 JavaScript -->
<script src="/amol-back/js/webuploader/webuploader.min.js"></script>
<script src="/amol-back/js/webuploader/myUpload.js"></script>
<script src="/amol-back/js/webuploader/multiImgUpload.js"></script>

<!-- 拖拽控件-->
<script src="/amol-back/js/Sortable.min.js"></script>

<!-- 验证组件 -->
<script src="/amol-back/js/jquery-validation/jquery.validate.js"></script>
<script src="/amol-back/js/jquery-validation/localization/messages_zh.js"></script>
<!-- Custom Theme JavaScript -->
<script src="/amol-back/js/plugin.js"></script>

<!-- 下拉带选择框 -->
<script type="text/javascript" src="/amol-back/js/select2.min.js"></script>
<script src="/amol-back/js/common.js"></script><title>404</title>
</head>
<body>
<div class="form-page">
  <div class="form-page-header">
    <div class="container text-center">
      <div class="logo">
        <a href="index.jsp">医真云</a>
      </div>
    </div>
  </div>

  <div class="form-page-body">
    <div class="container">
      <div class="form-container">
        <div class="error-box">
          <h1 class="error-code text-danger">404</h1>
          <div class="error-icon">
            <span><i class="fa fa-bug fa-2x"></i></span>
          </div>
          <h2>您要找的页面不存在</h2>
          <p>可能是因为您的链接地址有误，请联系管理员。</p>
        </div>
        <p class="text-center">Copyright © 2001-<script>document.write(new Date().getFullYear())</script> Accurad. All Rights Reserved.</p>
      </div>
    </div>
    <!-- /.container -->
  </div>
  <!-- /.form-page-body -->

</div>
</body>
</html>

[2017-07-20 16:15:39:290  ERROR] httpSend1 Fail:POST	http://192.168.2.130:8080/amol-back/webs/saveTransmitInfo?access_token=c9b14e6f-e77b-4144-be8d-cd06b57bec29&lang=zh_CN	ReturnHead:HTTP/1.1 404 Not Found
Server: Apache-Coyote/1.1
Set-Cookie: JSESSIONID=5206BAF4820F3693A8067F17B0E2CC87; Path=/amol-back; HttpOnly
Content-Type: text/html;charset=utf-8
Content-Length: 3147
Date: Thu, 20 Jul 2017 08:15:13 GMT

	RspDatas:<!DOCTYPE html>
<html lang="zh-CN">
<head>
<meta charset="utf-8">
<meta charset="utf-8">
<meta http-equiv="X-UA-Compatible" content="IE=edge">
<meta name="viewport" content="width=device-width, initial-scale=1">
<link rel="shortcut icon" href="/amol-back/images/favicon.ico">

<link rel="stylesheet" href="/amol-back/css/style.min.css"/>
<link rel="stylesheet" href="/amol-back/css/font-awesome.min.css"/>
<link rel="stylesheet" href="/amol-back/js/layer/skin/layer.css"/>
<link rel="stylesheet" href="/amol-back/js/webuploader/style.css"/>
<link rel="stylesheet" href="/amol-back/css/bootstrap-table.css"/>
<!-- jQuery -->
<script src="/amol-back/js/jquery-1.9.1.min.js"></script>
<script src="/amol-back/js/jquery.form.js"></script>

<!--[if lt IE 9]>
<script src="//cdn.staticfile.org/respond.js/1.4.2/respond.min.js"></script>
<![endif]-->
<!--[if lte IE 9]>
<script src="/amol-back/js/jquery.placeholder.min.js"></script>
<![endif]-->

<!-- Bootstrap Core JavaScript -->
<script src="/amol-back/js/bootstrap.min.js"></script>

<!-- Bootstrap table JavaScript -->
<script src="/amol-back/js/bootstrap-table.min.js"></script>
<script src="/amol-back/js/bootstrap-table-zh-CN.js"></script>

<!-- 分页 JavaScript -->
<script src="/amol-back/js/jquery.twbsPagination.min.js"></script>

<script src="/amol-back/js/amol.js"></script>

<!-- 弹出层 JavaScript -->
<script src="/amol-back/js/layer/layer.js"></script>

<!-- 日历 JavaScript -->
<script src="/amol-back/js/My97DatePicker/WdatePicker.js"></script>

<!-- 上传 JavaScript -->
<script src="/amol-back/js/webuploader/webuploader.min.js"></script>
<script src="/amol-back/js/webuploader/myUpload.js"></script>
<script src="/amol-back/js/webuploader/multiImgUpload.js"></script>

<!-- 拖拽控件-->
<script src="/amol-back/js/Sortable.min.js"></script>

<!-- 验证组件 -->
<script src="/amol-back/js/jquery-validation/jquery.validate.js"></script>
<script src="/amol-back/js/jquery-validation/localization/messages_zh.js"></script>
<!-- Custom Theme JavaScript -->
<script src="/amol-back/js/plugin.js"></script>

<!-- 下拉带选择框 -->
<script type="text/javascript" src="/amol-back/js/select2.min.js"></script>
<script src="/amol-back/js/common.js"></script><title>404</title>
</head>
<body>
<div class="form-page">
  <div class="form-page-header">
    <div class="container text-center">
      <div class="logo">
        <a href="index.jsp">医真云</a>
      </div>
    </div>
  </div>

  <div class="form-page-body">
    <div class="container">
      <div class="form-container">
        <div class="error-box">
          <h1 class="error-code text-danger">404</h1>
          <div class="error-icon">
            <span><i class="fa fa-bug fa-2x"></i></span>
          </div>
          <h2>您要找的页面不存在</h2>
          <p>可能是因为您的链接地址有误，请联系管理员。</p>
        </div>
        <p class="text-center">Copyright © 2001-<script>document.write(new Date().getFullYear())</script> Accurad. All Rights Reserved.</p>
      </div>
    </div>
    <!-- /.container -->
  </div>
  <!-- /.form-page-body -->

</div>
</body>
</html>

[2017-07-21 14:08:27:119  ERROR] httpSend1 Fail:POST	http://192.168.2.130:8080/amol-back/webs/saveMpps?access_token=c9b14e6f-e77b-4144-be8d-cd06b57bec29&lang=zh_CN	ReturnHead:HTTP/1.1 401 Unauthorized
Server: Apache-Coyote/1.1
Cache-Control: no-store
Pragma: no-cache
WWW-Authenticate: Bearer realm="oauth", error="invalid_token", error_description="Invalid access token: c9b14e6f-e77b-4144-be8d-cd06b57bec29"
Content-Type: application/json;charset=UTF-8
Transfer-Encoding: chunked
Date: Fri, 21 Jul 2017 06:08:04 GMT

	RspDatas:{"error":"invalid_token","error_description":"Invalid access token: c9b14e6f-e77b-4144-be8d-cd06b57bec29"}
[2017-07-25 09:39:39:044  ERROR] httpSend1 Fail:POST	http://192.168.2.130:8080/amol-back/webs/saveMpps?access_token=e7846886-edef-4fd1-ad7f-eeb6d4deb0a9&lang=zh_CN	ReturnHead:HTTP/1.1 401 Unauthorized
Server: Apache-Coyote/1.1
Cache-Control: no-store
Pragma: no-cache
WWW-Authenticate: Bearer realm="oauth", error="invalid_token", error_description="Access token expired: e7846886-edef-4fd1-ad7f-eeb6d4deb0a9"
Content-Type: application/json;charset=UTF-8
Transfer-Encoding: chunked
Date: Tue, 25 Jul 2017 01:40:38 GMT

	RspDatas:{"error":"invalid_token","error_description":"Access token expired: e7846886-edef-4fd1-ad7f-eeb6d4deb0a9"}
[2017-07-26 10:31:34:138  ERROR] httpSend1 Fail:POST	http://192.168.2.130:8080/amol-back/webs/saveMpps?access_token=b5c4fa23-f1e8-4bad-8618-d820d197579e&lang=zh_CN	ReturnHead:HTTP/1.1 401 Unauthorized
Server: Apache-Coyote/1.1
Cache-Control: no-store
Pragma: no-cache
WWW-Authenticate: Bearer realm="oauth", error="invalid_token", error_description="Invalid access token: b5c4fa23-f1e8-4bad-8618-d820d197579e"
Content-Type: application/json;charset=UTF-8
Transfer-Encoding: chunked
Date: Wed, 26 Jul 2017 02:32:36 GMT

	RspDatas:{"error":"invalid_token","error_description":"Invalid access token: b5c4fa23-f1e8-4bad-8618-d820d197579e"}
[2017-07-27 09:44:27:550  ERROR] httpSend1 Fail:POST	http://192.168.2.130:8080/amol-back/webs/saveMpps?access_token=3d7e793f-9720-4dcb-b5fb-3b488940d2b4&lang=zh_CN	ReturnHead:HTTP/1.1 401 Unauthorized
Server: Apache-Coyote/1.1
Cache-Control: no-store
Pragma: no-cache
WWW-Authenticate: Bearer realm="oauth", error="invalid_token", error_description="Invalid access token: 3d7e793f-9720-4dcb-b5fb-3b488940d2b4"
Content-Type: application/json;charset=UTF-8
Transfer-Encoding: chunked
Date: Thu, 27 Jul 2017 01:45:30 GMT

	RspDatas:{"error":"invalid_token","error_description":"Invalid access token: 3d7e793f-9720-4dcb-b5fb-3b488940d2b4"}
[2017-07-27 14:48:20:536  ERROR] httpSend1 Fail:POST	http://192.168.2.130:8080/amol-back/webs/saveMpps?access_token=4ed64fca-0a61-4fc6-aee0-c176e072a883&lang=zh_CN	ReturnHead:HTTP/1.1 401 Unauthorized
Server: Apache-Coyote/1.1
Cache-Control: no-store
Pragma: no-cache
WWW-Authenticate: Bearer realm="oauth", error="invalid_token", error_description="Invalid access token: 4ed64fca-0a61-4fc6-aee0-c176e072a883"
Content-Type: application/json;charset=UTF-8
Transfer-Encoding: chunked
Date: Thu, 27 Jul 2017 06:49:24 GMT

	RspDatas:{"error":"invalid_token","error_description":"Invalid access token: 4ed64fca-0a61-4fc6-aee0-c176e072a883"}
[2017-07-28 08:56:48:062  ERROR] httpSend1 Fail:POST	http://192.168.2.130:8080/amol-back/webs/saveMpps?access_token=be4c3a8c-cb85-4c23-be1f-d7d12d7041fd&lang=zh_CN	ReturnHead:HTTP/1.1 401 Unauthorized
Server: Apache-Coyote/1.1
Cache-Control: no-store
Pragma: no-cache
WWW-Authenticate: Bearer realm="oauth", error="invalid_token", error_description="Access token expired: be4c3a8c-cb85-4c23-be1f-d7d12d7041fd"
Content-Type: application/json;charset=UTF-8
Transfer-Encoding: chunked
Date: Fri, 28 Jul 2017 00:57:55 GMT

	RspDatas:{"error":"invalid_token","error_description":"Access token expired: be4c3a8c-cb85-4c23-be1f-d7d12d7041fd"}
[2017-07-31 10:57:05:690  ERROR] httpSend1 Fail:POST	http://192.168.2.130:8080/amol-back/webs/saveMpps?access_token=bbe54eef-892a-45da-812b-91f010c74127&lang=zh_CN	ReturnHead:HTTP/1.1 500 Internal Server Error
Server: Apache-Coyote/1.1
Set-Cookie: JSESSIONID=1F7F0B19B5DEB2E439B66CD9109FBE01; Path=/amol-back; HttpOnly
Content-Type: text/html;charset=utf-8
Content-Length: 3135
Date: Mon, 31 Jul 2017 02:58:00 GMT
Connection: close

	RspDatas:<!DOCTYPE html>
<html lang="zh-CN">
<head>
<meta charset="utf-8">
<meta charset="utf-8">
<meta http-equiv="X-UA-Compatible" content="IE=edge">
<meta name="viewport" content="width=device-width, initial-scale=1">
<link rel="shortcut icon" href="/amol-back/images/favicon.ico">

<link rel="stylesheet" href="/amol-back/css/style.min.css"/>
<link rel="stylesheet" href="/amol-back/css/font-awesome.min.css"/>
<link rel="stylesheet" href="/amol-back/js/layer/skin/layer.css"/>
<link rel="stylesheet" href="/amol-back/js/webuploader/style.css"/>
<link rel="stylesheet" href="/amol-back/css/bootstrap-table.css"/>
<!-- jQuery -->
<script src="/amol-back/js/jquery-1.9.1.min.js"></script>
<script src="/amol-back/js/jquery.form.js"></script>

<!--[if lt IE 9]>
<script src="//cdn.staticfile.org/respond.js/1.4.2/respond.min.js"></script>
<![endif]-->
<!--[if lte IE 9]>
<script src="/amol-back/js/jquery.placeholder.min.js"></script>
<![endif]-->

<!-- Bootstrap Core JavaScript -->
<script src="/amol-back/js/bootstrap.min.js"></script>

<!-- Bootstrap table JavaScript -->
<script src="/amol-back/js/bootstrap-table.min.js"></script>
<script src="/amol-back/js/bootstrap-table-zh-CN.js"></script>

<!-- 分页 JavaScript -->
<script src="/amol-back/js/jquery.twbsPagination.min.js"></script>

<script src="/amol-back/js/amol.js"></script>

<!-- 弹出层 JavaScript -->
<script src="/amol-back/js/layer/layer.js"></script>

<!-- 日历 JavaScript -->
<script src="/amol-back/js/My97DatePicker/WdatePicker.js"></script>

<!-- 上传 JavaScript -->
<script src="/amol-back/js/webuploader/webuploader.min.js"></script>
<script src="/amol-back/js/webuploader/myUpload.js"></script>
<script src="/amol-back/js/webuploader/multiImgUpload.js"></script>

<!-- 拖拽控件-->
<script src="/amol-back/js/Sortable.min.js"></script>

<!-- 验证组件 -->
<script src="/amol-back/js/jquery-validation/jquery.validate.js"></script>
<script src="/amol-back/js/jquery-validation/localization/messages_zh.js"></script>
<!-- Custom Theme JavaScript -->
<script src="/amol-back/js/plugin.js"></script>

<!-- 下拉带选择框 -->
<script type="text/javascript" src="/amol-back/js/select2.min.js"></script>
<script src="/amol-back/js/common.js"></script><title>500</title>
</head>
<body>
<div class="form-page">
  <div class="form-page-header">
    <div class="container text-center">
      <div class="logo">
        <a href="index.jsp">医真云</a>
      </div>
    </div>
  </div>

  <div class="form-page-body">
    <div class="container">
      <div class="form-container">
        <div class="error-box">
          <h1 class="error-code text-danger">500</h1>
          <div class="error-icon">
            <span><i class="fa fa-bug fa-2x"></i></span>
          </div>
          <h2>服务器发生内部错误</h2>
          <p>服务器不能执行此请求，请稍后再试。</p>
        </div>
        <p class="text-center">Copyright © 2001-<script>document.write(new Date().getFullYear())</script> Accurad. All Rights Reserved.</p>
      </div>
    </div>
    <!-- /.container -->
  </div>
  <!-- /.form-page-body -->

</div>
</body>
</html>

[2017-07-31 10:57:05:738  ERROR] httpSend1 Fail:POST	http://192.168.2.130:8080/amol-back/webs/saveMpps?access_token=bbe54eef-892a-45da-812b-91f010c74127&lang=zh_CN	ReturnHead:HTTP/1.1 500 Internal Server Error
Server: Apache-Coyote/1.1
Set-Cookie: JSESSIONID=6C493E03E135273B4E5EC10AB84BAACD; Path=/amol-back; HttpOnly
Content-Type: text/html;charset=utf-8
Content-Length: 3135
Date: Mon, 31 Jul 2017 02:58:00 GMT
Connection: close

	RspDatas:<!DOCTYPE html>
<html lang="zh-CN">
<head>
<meta charset="utf-8">
<meta charset="utf-8">
<meta http-equiv="X-UA-Compatible" content="IE=edge">
<meta name="viewport" content="width=device-width, initial-scale=1">
<link rel="shortcut icon" href="/amol-back/images/favicon.ico">

<link rel="stylesheet" href="/amol-back/css/style.min.css"/>
<link rel="stylesheet" href="/amol-back/css/font-awesome.min.css"/>
<link rel="stylesheet" href="/amol-back/js/layer/skin/layer.css"/>
<link rel="stylesheet" href="/amol-back/js/webuploader/style.css"/>
<link rel="stylesheet" href="/amol-back/css/bootstrap-table.css"/>
<!-- jQuery -->
<script src="/amol-back/js/jquery-1.9.1.min.js"></script>
<script src="/amol-back/js/jquery.form.js"></script>

<!--[if lt IE 9]>
<script src="//cdn.staticfile.org/respond.js/1.4.2/respond.min.js"></script>
<![endif]-->
<!--[if lte IE 9]>
<script src="/amol-back/js/jquery.placeholder.min.js"></script>
<![endif]-->

<!-- Bootstrap Core JavaScript -->
<script src="/amol-back/js/bootstrap.min.js"></script>

<!-- Bootstrap table JavaScript -->
<script src="/amol-back/js/bootstrap-table.min.js"></script>
<script src="/amol-back/js/bootstrap-table-zh-CN.js"></script>

<!-- 分页 JavaScript -->
<script src="/amol-back/js/jquery.twbsPagination.min.js"></script>

<script src="/amol-back/js/amol.js"></script>

<!-- 弹出层 JavaScript -->
<script src="/amol-back/js/layer/layer.js"></script>

<!-- 日历 JavaScript -->
<script src="/amol-back/js/My97DatePicker/WdatePicker.js"></script>

<!-- 上传 JavaScript -->
<script src="/amol-back/js/webuploader/webuploader.min.js"></script>
<script src="/amol-back/js/webuploader/myUpload.js"></script>
<script src="/amol-back/js/webuploader/multiImgUpload.js"></script>

<!-- 拖拽控件-->
<script src="/amol-back/js/Sortable.min.js"></script>

<!-- 验证组件 -->
<script src="/amol-back/js/jquery-validation/jquery.validate.js"></script>
<script src="/amol-back/js/jquery-validation/localization/messages_zh.js"></script>
<!-- Custom Theme JavaScript -->
<script src="/amol-back/js/plugin.js"></script>

<!-- 下拉带选择框 -->
<script type="text/javascript" src="/amol-back/js/select2.min.js"></script>
<script src="/amol-back/js/common.js"></script><title>500</title>
</head>
<body>
<div class="form-page">
  <div class="form-page-header">
    <div class="container text-center">
      <div class="logo">
        <a href="index.jsp">医真云</a>
      </div>
    </div>
  </div>

  <div class="form-page-body">
    <div class="container">
      <div class="form-container">
        <div class="error-box">
          <h1 class="error-code text-danger">500</h1>
          <div class="error-icon">
            <span><i class="fa fa-bug fa-2x"></i></span>
          </div>
          <h2>服务器发生内部错误</h2>
          <p>服务器不能执行此请求，请稍后再试。</p>
        </div>
        <p class="text-center">Copyright © 2001-<script>document.write(new Date().getFullYear())</script> Accurad. All Rights Reserved.</p>
      </div>
    </div>
    <!-- /.container -->
  </div>
  <!-- /.form-page-body -->

</div>
</body>
</html>

[2017-10-19 12:50:43:315  ERROR] httpSend1 Fail:POST	http://192.168.2.130:8080/amol-back/webs/saveMpps?access_token=7b4c12d2-4a04-46c3-bf96-62613e90f1f5&lang=zh_CN	ReturnHead:HTTP/1.1 401 Unauthorized
Server: Apache-Coyote/1.1
Cache-Control: no-store
Pragma: no-cache
WWW-Authenticate: Bearer realm="oauth", error="invalid_token", error_description="Access token expired: 7b4c12d2-4a04-46c3-bf96-62613e90f1f5"
Content-Type: application/json;charset=UTF-8
Transfer-Encoding: chunked
Date: Thu, 19 Oct 2017 04:51:45 GMT

	RspDatas:{"error":"invalid_token","error_description":"Access token expired: 7b4c12d2-4a04-46c3-bf96-62613e90f1f5"}
